<?xml version="1.0" encoding="UTF-8"?>
<!-- Generated by org.testng.reporters.JUnitReportReporter -->
<testsuite hostname="WINDELL-6TMRLLH" name="de.check24.cucumberFramework.testRunner.TestRunner" tests="1" failures="0" timestamp="1 Oct 2018 16:07:09 GMT" time="33.620" errors="0">
  <testcase name="feature" time="33.620" classname="de.check24.cucumberFramework.testRunner.TestRunner"/>
</testsuite> <!-- de.check24.cucumberFramework.testRunner.TestRunner -->
